<?xml version="1.0" encoding="UTF-8"?>
<!-- Generated by org.testng.reporters.JUnitReportReporter -->
<testsuite hostname="LAPTOP-O3NI4730" failures="0" tests="1" name="javaselenium.demo" time="19.379" errors="0" timestamp="2023-05-29T17:04:27 IST" skipped="0">
  <testcase classname="javaselenium.demo" name="get" time="19.379"/>
  <system-out/>
</testsuite> <!-- javaselenium.demo -->
